{"level":30,"time":1751348756639,"pid":7177,"hostname":"5ebeed11b12e","provider":"tides","days":14,"outFile":"tides.ics","msg":"start generation"}
{"level":30,"time":1751348756641,"pid":7177,"hostname":"5ebeed11b12e","url":"https://api.stormglass.io/v2/tide/extremes/point?lat=49.18&lng=-2.11&start=2025-06-30T23:00:00.000Z&end=2025-07-14T23:00:00.000Z","msg":"fetching tides"}
{"level":50,"time":1751348756793,"pid":7177,"hostname":"5ebeed11b12e","err":{"type":"FetchError","message":"request to https://api.stormglass.io/v2/tide/extremes/point?lat=49.18&lng=-2.11&start=2025-06-30T23:00:00.000Z&end=2025-07-14T23:00:00.000Z failed, reason: connect ENETUNREACH 138.68.127.155:443 - Local (0.0.0.0:0)","stack":"FetchError: request to https://api.stormglass.io/v2/tide/extremes/point?lat=49.18&lng=-2.11&start=2025-06-30T23:00:00.000Z&end=2025-07-14T23:00:00.000Z failed, reason: connect ENETUNREACH 138.68.127.155:443 - Local (0.0.0.0:0)\n    at ClientRequest.<anonymous> (file:///workspace/calendar-feeds/node_modules/.pnpm/node-fetch@3.3.2/node_modules/node-fetch/src/index.js:108:11)\n    at ClientRequest.emit (node:events:518:28)\n    at emitErrorEvent (node:_http_client:104:11)\n    at TLSSocket.socketErrorListener (node:_http_client:518:5)\n    at TLSSocket.emit (node:events:518:28)\n    at emitErrorNT (node:internal/streams/destroy:170:8)\n    at emitErrorCloseNT (node:internal/streams/destroy:129:3)\n    at process.processTicksAndRejections (node:internal/process/task_queues:90:21)","errno":"ENETUNREACH","code":"ENETUNREACH","erroredSysCall":"connect"},"msg":"failed to generate calendar"}
{"level":30,"time":1751348765543,"pid":7191,"hostname":"5ebeed11b12e","provider":"dummy","days":1,"outFile":"dummy.ics","msg":"start generation"}
{"level":30,"time":1751348765545,"pid":7191,"hostname":"5ebeed11b12e","added":1,"file":"dummy.ics","msg":"calendar updated"}
{"level":30,"time":1751349085619,"pid":2234,"hostname":"fv-az1618-111","provider":"tides","days":14,"outFile":"tides.ics","msg":"start generation"}
{"level":30,"time":1751349085646,"pid":2234,"hostname":"fv-az1618-111","url":"https://api.stormglass.io/v2/tide/extremes/point?lat=49.18&lng=-2.11&start=2025-06-30T23:00:00.000Z&end=2025-07-14T23:00:00.000Z","msg":"fetching tides"}
{"level":30,"time":1751349086321,"pid":2234,"hostname":"fv-az1618-111","events":38,"msg":"tide events parsed"}
{"level":30,"time":1751349086330,"pid":2234,"hostname":"fv-az1618-111","added":0,"file":"tides.ics","msg":"calendar updated"}
{"level":30,"time":1751426907033,"pid":2352,"hostname":"pkrvmbietmlfzoi","provider":"tides","days":14,"outFile":"tides.ics","msg":"start generation"}
{"level":30,"time":1751426907038,"pid":2352,"hostname":"pkrvmbietmlfzoi","url":"https://api.stormglass.io/v2/tide/extremes/point?lat=49.18&lng=-2.11&start=2025-07-01T23:00:00.000Z&end=2025-07-15T23:00:00.000Z","msg":"fetching tides"}
{"level":30,"time":1751426907791,"pid":2352,"hostname":"pkrvmbietmlfzoi","events":38,"msg":"tide events parsed"}
{"level":30,"time":1751426907799,"pid":2352,"hostname":"pkrvmbietmlfzoi","added":5,"file":"tides.ics","msg":"calendar updated"}
{"level":30,"time":1751513362919,"pid":2352,"hostname":"pkrvmbietmlfzoi","provider":"tides","days":14,"outFile":"tides.ics","msg":"start generation"}
{"level":30,"time":1751513362938,"pid":2352,"hostname":"pkrvmbietmlfzoi","url":"https://api.stormglass.io/v2/tide/extremes/point?lat=49.18&lng=-2.11&start=2025-07-02T23:00:00.000Z&end=2025-07-16T23:00:00.000Z","msg":"fetching tides"}
{"level":30,"time":1751513363464,"pid":2352,"hostname":"pkrvmbietmlfzoi","events":39,"msg":"tide events parsed"}
{"level":30,"time":1751513363473,"pid":2352,"hostname":"pkrvmbietmlfzoi","added":4,"file":"tides.ics","msg":"calendar updated"}
{"level":30,"time":1751599647346,"pid":2389,"hostname":"pkrvmbietmlfzoi","provider":"tides","days":14,"outFile":"tides.ics","msg":"start generation"}
{"level":30,"time":1751599647363,"pid":2389,"hostname":"pkrvmbietmlfzoi","url":"https://api.stormglass.io/v2/tide/extremes/point?lat=49.18&lng=-2.11&start=2025-07-03T23:00:00.000Z&end=2025-07-17T23:00:00.000Z","msg":"fetching tides"}
{"level":30,"time":1751599648055,"pid":2389,"hostname":"pkrvmbietmlfzoi","events":39,"msg":"tide events parsed"}
{"level":30,"time":1751599648065,"pid":2389,"hostname":"pkrvmbietmlfzoi","added":4,"file":"tides.ics","msg":"calendar updated"}
